Determining if the pthread_create exist failed with the following output:
Change Dir: /home/john/Workspace/ROS/catkin_ws_02/build/CMakeFiles/CMakeTmp

Run Build Command:"/usr/bin/make" "cmTC_1057f/fast"
/usr/bin/make -f CMakeFiles/cmTC_1057f.dir/build.make CMakeFiles/cmTC_1057f.dir/build
make[1]: Entering directory '/home/john/Workspace/ROS/catkin_ws_02/build/CMakeFiles/CMakeTmp'
Building C object CMakeFiles/cmTC_1057f.dir/CheckSymbolExists.c.o
/usr/bin/cc     -o CMakeFiles/cmTC_1057f.dir/CheckSymbolExists.c.o   -c /home/john/Workspace/ROS/catkin_ws_02/build/CMakeFiles/CMakeTmp/CheckSymbolExists.c
Linking C executable cmTC_1057f
/usr/bin/cmake -E cmake_link_script CMakeFiles/cmTC_1057f.dir/link.txt --verbose=1
/usr/bin/cc       CMakeFiles/cmTC_1057f.dir/CheckSymbolExists.c.o  -o cmTC_1057f -rdynamic 
CMakeFiles/cmTC_1057f.dir/CheckSymbolExists.c.o: In function `main':
CheckSymbolExists.c:(.text+0x16): undefined reference to `pthread_create'
collect2: error: ld returned 1 exit status
CMakeFiles/cmTC_1057f.dir/build.make:97: recipe for target 'cmTC_1057f' failed
make[1]: *** [cmTC_1057f] Error 1
make[1]: Leaving directory '/home/john/Workspace/ROS/catkin_ws_02/build/CMakeFiles/CMakeTmp'
Makefile:126: recipe for target 'cmTC_1057f/fast' failed
make: *** [cmTC_1057f/fast] Error 2

File /home/john/Workspace/ROS/catkin_ws_02/build/CMakeFiles/CMakeTmp/CheckSymbolExists.c:
/* */
#include <pthread.h>

int main(int argc, char** argv)
{
  (void)argv;
#ifndef pthread_create
  return ((int*)(&pthread_create))[argc];
#else
  (void)argc;
  return 0;
#endif
}

Determining if the function pthread_create exists in the pthreads failed with the following output:
Change Dir: /home/john/Workspace/ROS/catkin_ws_02/build/CMakeFiles/CMakeTmp

Run Build Command:"/usr/bin/make" "cmTC_d92ad/fast"
/usr/bin/make -f CMakeFiles/cmTC_d92ad.dir/build.make CMakeFiles/cmTC_d92ad.dir/build
make[1]: Entering directory '/home/john/Workspace/ROS/catkin_ws_02/build/CMakeFiles/CMakeTmp'
Building C object CMakeFiles/cmTC_d92ad.dir/CheckFunctionExists.c.o
/usr/bin/cc    -DCHECK_FUNCTION_EXISTS=pthread_create   -o CMakeFiles/cmTC_d92ad.dir/CheckFunctionExists.c.o   -c /usr/share/cmake-3.5/Modules/CheckFunctionExists.c
Linking C executable cmTC_d92ad
/usr/bin/cmake -E cmake_link_script CMakeFiles/cmTC_d92ad.dir/link.txt --verbose=1
/usr/bin/cc   -DCHECK_FUNCTION_EXISTS=pthread_create    CMakeFiles/cmTC_d92ad.dir/CheckFunctionExists.c.o  -o cmTC_d92ad -rdynamic -lpthreads 
/usr/bin/ld: cannot find -lpthreads
collect2: error: ld returned 1 exit status
CMakeFiles/cmTC_d92ad.dir/build.make:97: recipe for target 'cmTC_d92ad' failed
make[1]: *** [cmTC_d92ad] Error 1
make[1]: Leaving directory '/home/john/Workspace/ROS/catkin_ws_02/build/CMakeFiles/CMakeTmp'
Makefile:126: recipe for target 'cmTC_d92ad/fast' failed
make: *** [cmTC_d92ad/fast] Error 2


